{"/Users/greg/gregpro/dev/bootcamp/angular/photo-rating-api/app.js":{"path":"/Users/greg/gregpro/dev/bootcamp/angular/photo-rating-api/app.js","s":{"1":1,"2":1,"3":1,"4":1,"5":1,"6":1,"7":1,"8":1,"9":1,"10":1,"11":1,"12":1,"13":1,"14":1,"15":2,"16":2,"17":1,"18":1,"19":1,"20":1,"21":1,"22":1,"23":1,"24":1,"25":1,"26":1,"27":1,"28":1,"29":1,"30":0,"31":1,"32":1,"33":1,"34":1,"35":1,"36":1,"37":1,"38":1,"39":8,"40":1,"41":1,"42":1,"43":1,"44":0,"45":1,"46":2,"47":2,"48":1,"49":1,"50":1,"51":8,"52":1,"53":1,"54":1,"55":1,"56":1,"57":1,"58":1,"59":1,"60":1,"61":1,"62":1,"63":1,"64":10,"65":9,"66":1,"67":1,"68":0,"69":0,"70":0,"71":0,"72":0,"73":1,"74":1,"75":1},"b":{"1":[1,1],"2":[1,0],"3":[1,1],"4":[1,0],"5":[1,1],"6":[1,0],"7":[1,7],"8":[1,1],"9":[1,7],"10":[9,1]},"f":{"1":1,"2":2,"3":1,"4":1,"5":2,"6":1,"7":0,"8":1},"fnMap":{"1":{"name":"(anonymous_1)","line":13,"loc":{"start":{"line":13,"column":29},"end":{"line":13,"column":56}}},"2":{"name":"(anonymous_2)","line":22,"loc":{"start":{"line":22,"column":31},"end":{"line":22,"column":58}}},"3":{"name":"(anonymous_3)","line":42,"loc":{"start":{"line":42,"column":38},"end":{"line":42,"column":65}}},"4":{"name":"(anonymous_4)","line":74,"loc":{"start":{"line":74,"column":31},"end":{"line":74,"column":58}}},"5":{"name":"(anonymous_5)","line":114,"loc":{"start":{"line":114,"column":34},"end":{"line":114,"column":61}}},"6":{"name":"(anonymous_6)","line":156,"loc":{"start":{"line":156,"column":33},"end":{"line":156,"column":60}}},"7":{"name":"(anonymous_7)","line":179,"loc":{"start":{"line":179,"column":41},"end":{"line":179,"column":68}}},"8":{"name":"(anonymous_8)","line":189,"loc":{"start":{"line":189,"column":30},"end":{"line":189,"column":42}}}},"statementMap":{"1":{"start":{"line":1,"column":0},"end":{"line":1,"column":57}},"2":{"start":{"line":2,"column":0},"end":{"line":2,"column":33}},"3":{"start":{"line":3,"column":0},"end":{"line":3,"column":20}},"4":{"start":{"line":4,"column":0},"end":{"line":4,"column":40}},"5":{"start":{"line":5,"column":0},"end":{"line":5,"column":65}},"6":{"start":{"line":6,"column":0},"end":{"line":6,"column":23}},"7":{"start":{"line":7,"column":0},"end":{"line":7,"column":52}},"8":{"start":{"line":9,"column":0},"end":{"line":9,"column":27}},"9":{"start":{"line":10,"column":0},"end":{"line":10,"column":16}},"10":{"start":{"line":13,"column":0},"end":{"line":19,"column":3}},"11":{"start":{"line":15,"column":4},"end":{"line":15,"column":61}},"12":{"start":{"line":16,"column":4},"end":{"line":16,"column":48}},"13":{"start":{"line":17,"column":4},"end":{"line":17,"column":32}},"14":{"start":{"line":22,"column":0},"end":{"line":38,"column":3}},"15":{"start":{"line":24,"column":4},"end":{"line":24,"column":59}},"16":{"start":{"line":26,"column":4},"end":{"line":36,"column":5}},"17":{"start":{"line":28,"column":8},"end":{"line":28,"column":90}},"18":{"start":{"line":29,"column":8},"end":{"line":29,"column":52}},"19":{"start":{"line":31,"column":8},"end":{"line":31,"column":36}},"20":{"start":{"line":35,"column":8},"end":{"line":35,"column":57}},"21":{"start":{"line":42,"column":0},"end":{"line":70,"column":3}},"22":{"start":{"line":44,"column":4},"end":{"line":68,"column":5}},"23":{"start":{"line":46,"column":8},"end":{"line":46,"column":41}},"24":{"start":{"line":47,"column":8},"end":{"line":47,"column":57}},"25":{"start":{"line":48,"column":8},"end":{"line":48,"column":80}},"26":{"start":{"line":50,"column":8},"end":{"line":55,"column":10}},"27":{"start":{"line":57,"column":8},"end":{"line":57,"column":80}},"28":{"start":{"line":59,"column":8},"end":{"line":62,"column":52}},"29":{"start":{"line":64,"column":8},"end":{"line":64,"column":76}},"30":{"start":{"line":67,"column":8},"end":{"line":67,"column":57}},"31":{"start":{"line":74,"column":0},"end":{"line":111,"column":3}},"32":{"start":{"line":76,"column":4},"end":{"line":109,"column":5}},"33":{"start":{"line":78,"column":8},"end":{"line":78,"column":63}},"34":{"start":{"line":80,"column":8},"end":{"line":104,"column":9}},"35":{"start":{"line":82,"column":12},"end":{"line":82,"column":45}},"36":{"start":{"line":85,"column":12},"end":{"line":85,"column":84}},"37":{"start":{"line":86,"column":12},"end":{"line":86,"column":60}},"38":{"start":{"line":88,"column":12},"end":{"line":95,"column":13}},"39":{"start":{"line":89,"column":16},"end":{"line":94,"column":17}},"40":{"start":{"line":91,"column":20},"end":{"line":91,"column":69}},"41":{"start":{"line":92,"column":20},"end":{"line":92,"column":92}},"42":{"start":{"line":98,"column":12},"end":{"line":101,"column":56}},"43":{"start":{"line":103,"column":12},"end":{"line":103,"column":54}},"44":{"start":{"line":108,"column":8},"end":{"line":108,"column":57}},"45":{"start":{"line":114,"column":0},"end":{"line":150,"column":3}},"46":{"start":{"line":116,"column":4},"end":{"line":116,"column":59}},"47":{"start":{"line":118,"column":4},"end":{"line":146,"column":5}},"48":{"start":{"line":120,"column":8},"end":{"line":120,"column":68}},"49":{"start":{"line":123,"column":8},"end":{"line":123,"column":80}},"50":{"start":{"line":125,"column":8},"end":{"line":136,"column":9}},"51":{"start":{"line":127,"column":12},"end":{"line":135,"column":13}},"52":{"start":{"line":130,"column":16},"end":{"line":130,"column":54}},"53":{"start":{"line":133,"column":16},"end":{"line":133,"column":88}},"54":{"start":{"line":140,"column":8},"end":{"line":140,"column":65}},"55":{"start":{"line":142,"column":8},"end":{"line":142,"column":56}},"56":{"start":{"line":145,"column":8},"end":{"line":145,"column":57}},"57":{"start":{"line":156,"column":0},"end":{"line":174,"column":3}},"58":{"start":{"line":157,"column":4},"end":{"line":157,"column":45}},"59":{"start":{"line":158,"column":4},"end":{"line":158,"column":68}},"60":{"start":{"line":159,"column":4},"end":{"line":159,"column":50}},"61":{"start":{"line":160,"column":4},"end":{"line":160,"column":53}},"62":{"start":{"line":162,"column":4},"end":{"line":162,"column":28}},"63":{"start":{"line":163,"column":4},"end":{"line":170,"column":5}},"64":{"start":{"line":164,"column":8},"end":{"line":169,"column":9}},"65":{"start":{"line":165,"column":12},"end":{"line":168,"column":15}},"66":{"start":{"line":172,"column":4},"end":{"line":172,"column":51}},"67":{"start":{"line":179,"column":0},"end":{"line":186,"column":3}},"68":{"start":{"line":180,"column":4},"end":{"line":180,"column":45}},"69":{"start":{"line":181,"column":4},"end":{"line":181,"column":43}},"70":{"start":{"line":182,"column":4},"end":{"line":182,"column":68}},"71":{"start":{"line":183,"column":4},"end":{"line":183,"column":51}},"72":{"start":{"line":185,"column":4},"end":{"line":185,"column":50}},"73":{"start":{"line":189,"column":0},"end":{"line":191,"column":2}},"74":{"start":{"line":190,"column":2},"end":{"line":190,"column":33}},"75":{"start":{"line":193,"column":0},"end":{"line":193,"column":24}}},"branchMap":{"1":{"line":26,"type":"if","locations":[{"start":{"line":26,"column":4},"end":{"line":26,"column":4}},{"start":{"line":26,"column":4},"end":{"line":26,"column":4}}]},"2":{"line":44,"type":"if","locations":[{"start":{"line":44,"column":4},"end":{"line":44,"column":4}},{"start":{"line":44,"column":4},"end":{"line":44,"column":4}}]},"3":{"line":44,"type":"binary-expr","locations":[{"start":{"line":44,"column":7},"end":{"line":44,"column":28}},{"start":{"line":44,"column":32},"end":{"line":44,"column":76}}]},"4":{"line":76,"type":"if","locations":[{"start":{"line":76,"column":4},"end":{"line":76,"column":4}},{"start":{"line":76,"column":4},"end":{"line":76,"column":4}}]},"5":{"line":76,"type":"binary-expr","locations":[{"start":{"line":76,"column":7},"end":{"line":76,"column":28}},{"start":{"line":76,"column":32},"end":{"line":76,"column":76}}]},"6":{"line":80,"type":"if","locations":[{"start":{"line":80,"column":8},"end":{"line":80,"column":8}},{"start":{"line":80,"column":8},"end":{"line":80,"column":8}}]},"7":{"line":89,"type":"if","locations":[{"start":{"line":89,"column":16},"end":{"line":89,"column":16}},{"start":{"line":89,"column":16},"end":{"line":89,"column":16}}]},"8":{"line":118,"type":"if","locations":[{"start":{"line":118,"column":4},"end":{"line":118,"column":4}},{"start":{"line":118,"column":4},"end":{"line":118,"column":4}}]},"9":{"line":127,"type":"if","locations":[{"start":{"line":127,"column":12},"end":{"line":127,"column":12}},{"start":{"line":127,"column":12},"end":{"line":127,"column":12}}]},"10":{"line":164,"type":"if","locations":[{"start":{"line":164,"column":8},"end":{"line":164,"column":8}},{"start":{"line":164,"column":8},"end":{"line":164,"column":8}}]}}},"/Users/greg/gregpro/dev/bootcamp/angular/photo-rating-api/api-functions.js":{"path":"/Users/greg/gregpro/dev/bootcamp/angular/photo-rating-api/api-functions.js","s":{"1":1,"2":1,"3":1,"4":1,"5":1,"6":8,"7":8,"8":1,"9":0,"10":1,"11":1,"12":1,"13":9,"14":7,"15":1,"16":1,"17":1,"18":1,"19":1,"20":5,"21":3,"22":2},"b":{"1":[1,7],"2":[7,2],"3":[3,2],"4":[5,4]},"f":{"1":1,"2":1,"3":1,"4":5},"fnMap":{"1":{"name":"(anonymous_1)","line":6,"loc":{"start":{"line":6,"column":16},"end":{"line":6,"column":26}}},"2":{"name":"(anonymous_2)","line":7,"loc":{"start":{"line":7,"column":25},"end":{"line":7,"column":38}}},"3":{"name":"(anonymous_3)","line":22,"loc":{"start":{"line":22,"column":25},"end":{"line":22,"column":38}}},"4":{"name":"(anonymous_4)","line":43,"loc":{"start":{"line":43,"column":25},"end":{"line":43,"column":37}}}},"statementMap":{"1":{"start":{"line":3,"column":0},"end":{"line":3,"column":23}},"2":{"start":{"line":5,"column":0},"end":{"line":64,"column":2}},"3":{"start":{"line":7,"column":8},"end":{"line":20,"column":9}},"4":{"start":{"line":9,"column":12},"end":{"line":9,"column":28}},"5":{"start":{"line":10,"column":12},"end":{"line":16,"column":13}},"6":{"start":{"line":11,"column":16},"end":{"line":11,"column":27}},"7":{"start":{"line":13,"column":16},"end":{"line":15,"column":17}},"8":{"start":{"line":14,"column":20},"end":{"line":14,"column":34}},"9":{"start":{"line":18,"column":12},"end":{"line":18,"column":28}},"10":{"start":{"line":22,"column":8},"end":{"line":33,"column":9}},"11":{"start":{"line":23,"column":12},"end":{"line":23,"column":25}},"12":{"start":{"line":25,"column":12},"end":{"line":30,"column":13}},"13":{"start":{"line":26,"column":16},"end":{"line":29,"column":17}},"14":{"start":{"line":27,"column":20},"end":{"line":27,"column":71}},"15":{"start":{"line":32,"column":12},"end":{"line":32,"column":23}},"16":{"start":{"line":35,"column":8},"end":{"line":35,"column":49}},"17":{"start":{"line":36,"column":8},"end":{"line":36,"column":45}},"18":{"start":{"line":37,"column":8},"end":{"line":37,"column":51}},"19":{"start":{"line":39,"column":8},"end":{"line":39,"column":32}},"20":{"start":{"line":54,"column":8},"end":{"line":59,"column":9}},"21":{"start":{"line":56,"column":12},"end":{"line":56,"column":24}},"22":{"start":{"line":58,"column":12},"end":{"line":58,"column":25}}},"branchMap":{"1":{"line":13,"type":"if","locations":[{"start":{"line":13,"column":16},"end":{"line":13,"column":16}},{"start":{"line":13,"column":16},"end":{"line":13,"column":16}}]},"2":{"line":26,"type":"if","locations":[{"start":{"line":26,"column":16},"end":{"line":26,"column":16}},{"start":{"line":26,"column":16},"end":{"line":26,"column":16}}]},"3":{"line":54,"type":"if","locations":[{"start":{"line":54,"column":8},"end":{"line":54,"column":8}},{"start":{"line":54,"column":8},"end":{"line":54,"column":8}}]},"4":{"line":54,"type":"binary-expr","locations":[{"start":{"line":54,"column":12},"end":{"line":54,"column":32}},{"start":{"line":55,"column":16},"end":{"line":55,"column":69}}]}}}}