TN:
SF:/Users/greg/gregpro/dev/bootcamp/angular/photo-rating-api/spec.js
FN:3,(anonymous_1)
FN:7,(anonymous_2)
FN:11,(anonymous_3)
FN:16,testListingOverview
FN:20,(anonymous_5)
FN:29,testFirstShooting
FN:33,(anonymous_7)
FN:41,(anonymous_8)
FN:51,testCreateNewShooting
FN:60,(anonymous_10)
FN:68,testUploadShooting
FN:81,testDeleteShooting
FN:88,(anonymous_13)
FN:98,(anonymous_14)
FN:105,testPath
FN:112,testDownloadShooting
FNF:16
FNH:16
FNDA:1,(anonymous_1)
FNDA:9,(anonymous_2)
FNDA:9,(anonymous_3)
FNDA:1,testListingOverview
FNDA:1,(anonymous_5)
FNDA:1,testFirstShooting
FNDA:1,(anonymous_7)
FNDA:1,(anonymous_8)
FNDA:1,testCreateNewShooting
FNDA:1,(anonymous_10)
FNDA:1,testUploadShooting
FNDA:1,testDeleteShooting
FNDA:1,(anonymous_13)
FNDA:1,(anonymous_14)
FNDA:1,testPath
FNDA:1,testDownloadShooting
DA:1,1
DA:2,1
DA:3,1
DA:5,1
DA:7,1
DA:8,9
DA:11,1
DA:12,9
DA:16,1
DA:17,1
DA:21,1
DA:22,0
DA:29,1
DA:30,1
DA:34,1
DA:35,0
DA:41,1
DA:42,1
DA:49,1
DA:51,1
DA:53,1
DA:55,1
DA:61,1
DA:68,1
DA:70,1
DA:72,1
DA:81,1
DA:83,1
DA:84,1
DA:89,1
DA:90,0
DA:98,1
DA:99,1
DA:105,1
DA:106,1
DA:112,1
DA:113,1
LF:37
LH:34
BRDA:21,1,0,0
BRDA:21,1,1,1
BRDA:34,2,0,0
BRDA:34,2,1,1
BRDA:83,3,0,1
BRDA:83,3,1,0
BRDA:89,4,0,0
BRDA:89,4,1,1
BRF:8
BRH:4
end_of_record
TN:
SF:/Users/greg/gregpro/dev/bootcamp/angular/photo-rating-api/app.js
FN:13,(anonymous_1)
FN:22,(anonymous_2)
FN:42,(anonymous_3)
FN:74,(anonymous_4)
FN:114,(anonymous_5)
FN:156,(anonymous_6)
FN:179,(anonymous_7)
FN:189,(anonymous_8)
FNF:8
FNH:7
FNDA:1,(anonymous_1)
FNDA:2,(anonymous_2)
FNDA:1,(anonymous_3)
FNDA:1,(anonymous_4)
FNDA:2,(anonymous_5)
FNDA:1,(anonymous_6)
FNDA:0,(anonymous_7)
FNDA:1,(anonymous_8)
DA:1,1
DA:2,1
DA:3,1
DA:4,1
DA:5,1
DA:6,1
DA:7,1
DA:9,1
DA:10,1
DA:13,1
DA:15,1
DA:16,1
DA:17,1
DA:22,1
DA:24,2
DA:26,2
DA:28,1
DA:29,1
DA:31,1
DA:35,1
DA:42,1
DA:44,1
DA:46,1
DA:47,1
DA:48,1
DA:50,1
DA:57,1
DA:59,1
DA:64,1
DA:67,0
DA:74,1
DA:76,1
DA:78,1
DA:80,1
DA:82,1
DA:85,1
DA:86,1
DA:88,1
DA:89,8
DA:91,1
DA:92,1
DA:98,1
DA:103,1
DA:108,0
DA:114,1
DA:116,2
DA:118,2
DA:120,1
DA:123,1
DA:125,1
DA:127,8
DA:130,1
DA:133,1
DA:140,1
DA:142,1
DA:145,1
DA:156,1
DA:157,1
DA:158,1
DA:159,1
DA:160,1
DA:162,1
DA:163,1
DA:164,10
DA:165,9
DA:172,1
DA:179,1
DA:180,0
DA:181,0
DA:182,0
DA:183,0
DA:185,0
DA:189,1
DA:190,1
DA:193,1
LF:75
LH:68
BRDA:26,1,0,1
BRDA:26,1,1,1
BRDA:44,2,0,1
BRDA:44,2,1,0
BRDA:44,3,0,1
BRDA:44,3,1,1
BRDA:76,4,0,1
BRDA:76,4,1,0
BRDA:76,5,0,1
BRDA:76,5,1,1
BRDA:80,6,0,1
BRDA:80,6,1,0
BRDA:89,7,0,1
BRDA:89,7,1,7
BRDA:118,8,0,1
BRDA:118,8,1,1
BRDA:127,9,0,1
BRDA:127,9,1,7
BRDA:164,10,0,9
BRDA:164,10,1,1
BRF:20
BRH:17
end_of_record
TN:
SF:/Users/greg/gregpro/dev/bootcamp/angular/photo-rating-api/api-functions.js
FN:6,(anonymous_1)
FN:7,(anonymous_2)
FN:22,(anonymous_3)
FN:43,(anonymous_4)
FNF:4
FNH:4
FNDA:1,(anonymous_1)
FNDA:1,(anonymous_2)
FNDA:1,(anonymous_3)
FNDA:5,(anonymous_4)
DA:3,1
DA:5,1
DA:7,1
DA:9,1
DA:10,1
DA:11,8
DA:13,8
DA:14,1
DA:18,0
DA:22,1
DA:23,1
DA:25,1
DA:26,9
DA:27,7
DA:32,1
DA:35,1
DA:36,1
DA:37,1
DA:39,1
DA:54,5
DA:56,3
DA:58,2
LF:22
LH:21
BRDA:13,1,0,1
BRDA:13,1,1,7
BRDA:26,2,0,7
BRDA:26,2,1,2
BRDA:54,3,0,3
BRDA:54,3,1,2
BRDA:54,4,0,5
BRDA:54,4,1,4
BRF:8
BRH:8
end_of_record
